{"contracts/Raffle.sol":{"l":{"57":3,"58":3,"59":3,"60":3,"61":3,"62":3,"63":3,"64":3,"71":4,"72":1,"74":3,"75":0,"77":3,"78":3,"100":1,"101":1,"102":1,"103":1,"104":1,"105":1,"115":1,"116":1,"117":0,"126":1,"128":1,"135":0,"142":0,"143":0,"144":0,"145":0,"146":0,"147":0,"148":0,"151":0,"152":0,"154":0,"160":5,"164":1,"168":0,"172":1,"176":0,"180":0,"184":0,"188":0,"192":5},"path":"/root/hardhat-fcc/hardhat-smartcontract-lottery-fcc/contracts/Raffle.sol","s":{"1":4,"2":3,"3":3,"4":3,"5":1,"6":1,"7":1,"8":1,"9":1,"10":1,"11":1,"12":1,"13":1,"14":0,"15":0,"16":0,"17":0,"18":0,"19":0,"20":5,"21":1,"22":0,"23":1,"24":0,"25":0,"26":0,"27":0,"28":5},"b":{"1":[1,3],"2":[0,3],"3":[0,1],"4":[0,0]},"f":{"1":3,"2":4,"3":1,"4":1,"5":0,"6":5,"7":1,"8":0,"9":1,"10":0,"11":0,"12":0,"13":0,"14":5},"fnMap":{"1":{"name":"constructor","line":56,"loc":{"start":{"line":49,"column":4},"end":{"line":65,"column":4}}},"2":{"name":"enterRaffle","line":69,"loc":{"start":{"line":69,"column":4},"end":{"line":81,"column":4}}},"3":{"name":"checkUpkeep","line":92,"loc":{"start":{"line":92,"column":4},"end":{"line":106,"column":4}}},"4":{"name":"performUpkeep","line":111,"loc":{"start":{"line":111,"column":4},"end":{"line":136,"column":4}}},"5":{"name":"fulfillRandomWords","line":138,"loc":{"start":{"line":138,"column":4},"end":{"line":155,"column":4}}},"6":{"name":"getEnteranceFee","line":159,"loc":{"start":{"line":159,"column":4},"end":{"line":161,"column":4}}},"7":{"name":"getPlayer","line":163,"loc":{"start":{"line":163,"column":4},"end":{"line":165,"column":4}}},"8":{"name":"getRecentWinner","line":167,"loc":{"start":{"line":167,"column":4},"end":{"line":169,"column":4}}},"9":{"name":"getRaffleState","line":171,"loc":{"start":{"line":171,"column":4},"end":{"line":173,"column":4}}},"10":{"name":"getNumWords","line":175,"loc":{"start":{"line":175,"column":4},"end":{"line":177,"column":4}}},"11":{"name":"getNumberOfPlayer","line":179,"loc":{"start":{"line":179,"column":4},"end":{"line":181,"column":4}}},"12":{"name":"getLatestTimeStamp","line":183,"loc":{"start":{"line":183,"column":4},"end":{"line":185,"column":4}}},"13":{"name":"getRequestConfirmation","line":187,"loc":{"start":{"line":187,"column":4},"end":{"line":189,"column":4}}},"14":{"name":"getInterval","line":191,"loc":{"start":{"line":191,"column":4},"end":{"line":193,"column":4}}}},"statementMap":{"1":{"start":{"line":71,"column":8},"end":{"line":71,"column":2456}},"2":{"start":{"line":74,"column":8},"end":{"line":74,"column":2550}},"3":{"start":{"line":77,"column":8},"end":{"line":77,"column":42}},"4":{"start":{"line":78,"column":8},"end":{"line":78,"column":36}},"5":{"start":{"line":100,"column":8},"end":{"line":100,"column":57}},"6":{"start":{"line":101,"column":8},"end":{"line":101,"column":76}},"7":{"start":{"line":102,"column":8},"end":{"line":102,"column":48}},"8":{"start":{"line":103,"column":8},"end":{"line":103,"column":51}},"9":{"start":{"line":104,"column":8},"end":{"line":104,"column":78}},"10":{"start":{"line":105,"column":8},"end":{"line":105,"column":36}},"11":{"start":{"line":115,"column":8},"end":{"line":115,"column":47}},"12":{"start":{"line":116,"column":8},"end":{"line":116,"column":4186}},"13":{"start":{"line":128,"column":8},"end":{"line":128,"column":4581}},"14":{"start":{"line":135,"column":8},"end":{"line":135,"column":45}},"15":{"start":{"line":142,"column":8},"end":{"line":142,"column":65}},"16":{"start":{"line":143,"column":8},"end":{"line":143,"column":63}},"17":{"start":{"line":148,"column":8},"end":{"line":148,"column":5354}},"18":{"start":{"line":151,"column":8},"end":{"line":151,"column":5457}},"19":{"start":{"line":154,"column":8},"end":{"line":154,"column":39}},"20":{"start":{"line":160,"column":8},"end":{"line":160,"column":29}},"21":{"start":{"line":164,"column":8},"end":{"line":164,"column":31}},"22":{"start":{"line":168,"column":8},"end":{"line":168,"column":29}},"23":{"start":{"line":172,"column":8},"end":{"line":172,"column":28}},"24":{"start":{"line":176,"column":8},"end":{"line":176,"column":23}},"25":{"start":{"line":180,"column":8},"end":{"line":180,"column":31}},"26":{"start":{"line":184,"column":8},"end":{"line":184,"column":30}},"27":{"start":{"line":188,"column":8},"end":{"line":188,"column":35}},"28":{"start":{"line":192,"column":8},"end":{"line":192,"column":25}}},"branchMap":{"1":{"line":71,"type":"if","locations":[{"start":{"line":71,"column":8},"end":{"line":71,"column":8}},{"start":{"line":71,"column":8},"end":{"line":71,"column":8}}]},"2":{"line":74,"type":"if","locations":[{"start":{"line":74,"column":8},"end":{"line":74,"column":8}},{"start":{"line":74,"column":8},"end":{"line":74,"column":8}}]},"3":{"line":116,"type":"if","locations":[{"start":{"line":116,"column":8},"end":{"line":116,"column":8}},{"start":{"line":116,"column":8},"end":{"line":116,"column":8}}]},"4":{"line":151,"type":"if","locations":[{"start":{"line":151,"column":8},"end":{"line":151,"column":8}},{"start":{"line":151,"column":8},"end":{"line":151,"column":8}}]}}},"contracts/test/VRFCoordinatorV2Mock.sol":{"l":{},"path":"/root/hardhat-fcc/hardhat-smartcontract-lottery-fcc/contracts/test/VRFCoordinatorV2Mock.sol","s":{},"b":{},"f":{},"fnMap":{},"statementMap":{},"branchMap":{}}}